make all --print-data-base --no-builtin-variables --no-builtin-rules --question
# GNU Make 3.81
# Copyright (C) 2006  Free Software Foundation, Inc.
# This is free software; see the source for copying conditions.
# There is NO warranty; not even for MERCHANTABILITY or FITNESS FOR A
# PARTICULAR PURPOSE.

# This program built for i386-apple-darwin11.3.0
 

# Make data base, printed on Fri Nov  4 15:28:52 2022

# Variables

# automatic
<D = $(patsubst %/,%,$(dir $<))
# automatic
?F = $(notdir $?)
# automatic
?D = $(patsubst %/,%,$(dir $?))
# automatic
@D = $(patsubst %/,%,$(dir $@))
# automatic
@F = $(notdir $@)
# makefile
CURDIR := /Users/outomishin/Desktop/linux/TinyWebServer-master
# makefile
SHELL = /bin/sh
# environment
VSCODE_NLS_CONFIG = {"locale":"zh-cn","availableLanguages":{"*":"zh-cn"},"_languagePackId":"d12f895d31d9f9b0d093ad4fb7402f51.zh-cn","_translationsConfigFile":"/Users/outomishin/Library/Application Support/Code/clp/d12f895d31d9f9b0d093ad4fb7402f51.zh-cn/tcf.json","_cacheRoot":"/Users/outomishin/Library/Application Support/Code/clp/d12f895d31d9f9b0d093ad4fb7402f51.zh-cn","_resolvedLanguagePackCoreLocation":"/Users/outomishin/Library/Application Support/Code/clp/d12f895d31d9f9b0d093ad4fb7402f51.zh-cn/d045a5eda657f4d7b676dedbfa7aab8207f8a075","_corruptedFile":"/Users/outomishin/Library/Application Support/Code/clp/d12f895d31d9f9b0d093ad4fb7402f51.zh-cn/corrupted.info","_languagePackSupport":true}
# environment
_ = /usr/bin/make
# makefile (from `makefile', line 1)
MAKEFILE_LIST :=  makefile
# makefile (from `makefile', line 3)
DEBUG = 1
# makefile (from `makefile', line 5)
CXXFLAGS = -g
# environment
CMAKE_ROOT = /Applications/CMake.app/Contents/bin/
# environment
VSCODE_CWD = /
# environment
PATH = /opt/anaconda3/bin:/opt/anaconda3/condabin:/Applications/CMake.app/Contents/bin:/Library/Java/JavaVirtualMachines/jdk-17.jdk/Contents/Home/bin:/usr/local/bin:/usr/bin:/bin:/usr/sbin:/sbin:/Library/Apple/usr/bin:.
# environment
LSCOLORS = Gxfxcxdxbxegedabagacad
# environment
ELECTRON_RUN_AS_NODE = 1
# default
.FEATURES := target-specific order-only second-expansion else-if archives jobserver check-symlink
# environment
SSH_AUTH_SOCK = /private/tmp/com.apple.launchd.j1wcyLT5UN/Listeners
# automatic
%F = $(notdir $%)
# environment
CONDA_EXE = /opt/anaconda3/bin/conda
# environment
PWD = /Users/outomishin/Desktop/linux/TinyWebServer-master
# environment
ORIGINAL_XDG_CURRENT_DESKTOP = undefined
# environment
VSCODE_AMD_ENTRYPOINT = vs/workbench/api/node/extensionHostProcess
# environment
HOME = /Users/outomishin
# default
MAKEFILEPATH := /Applications/Xcode.app/Contents/Developer/Makefiles
# environment
VSCODE_CODE_CACHE_PATH = /Users/outomishin/Library/Application Support/Code/CachedData/d045a5eda657f4d7b676dedbfa7aab8207f8a075
# environment
LOGNAME = outomishin
# environment
APPLICATION_INSIGHTS_NO_DIAGNOSTIC_CHANNEL = true
# environment
CONDA_PROMPT_MODIFIER = (base) 
# environment
ZSH = /Users/outomishin/.oh-my-zsh
# environment
VSCODE_HANDLES_UNCAUGHT_ERRORS = true
# automatic
^D = $(patsubst %/,%,$(dir $^))
# environment
CONDA_DEFAULT_ENV = base
# environment
XPC_FLAGS = 0x0
# default
MAKE = $(MAKE_COMMAND)
# default
MAKECMDGOALS := all
# environment
SHLVL = 1
# environment
JAVA_HOME = /Library/Java/JavaVirtualMachines/jdk-17.jdk/Contents/Home
# default
MAKE_VERSION := 3.81
# environment
USER = outomishin
# makefile
.DEFAULT_GOAL := server
# environment
HOMEBREW_BOTTLE_DOMAIN = https://mirrors.ustc.edu.cn/homebrew-bottles
# environment
CLASSPATH = /Library/Java/JavaVirtualMachines/jdk-17.jdk/Contents/Home/lib/tools.jar:/Library/Java/JavaVirtualMachines/jdk-17.jdk/Contents/Home/lib/dt.jar:.
# environment
LESS = -R
# automatic
%D = $(patsubst %/,%,$(dir $%))
# environment
CONDA_SHLVL = 1
# default
MAKE_COMMAND := /Applications/Xcode.app/Contents/Developer/usr/bin/make
# default
.VARIABLES := 
# environment
TMPDIR = /var/folders/hx/rzdk_kdj45g9sdqx9rh8yv3r0000gn/T/
# automatic
*F = $(notdir $*)
# environment
VSCODE_IPC_HOOK = /Users/outomishin/Library/Application Support/Code/1.72.2-main.sock
# environment
MallocNanoZone = 0
# makefile
MAKEFLAGS = Rrqp
# environment
MFLAGS = -Rrqp
# automatic
*D = $(patsubst %/,%,$(dir $*))
# environment
XPC_SERVICE_NAME = com.microsoft.VSCode.20876
# automatic
+D = $(patsubst %/,%,$(dir $+))
# automatic
+F = $(notdir $+)
# environment
__CF_USER_TEXT_ENCODING = 0x1F5:0x19:0x34
# default
MAKEFILES := 
# automatic
<F = $(notdir $<)
# makefile (from `makefile', line 1)
CXX = g++
# environment
PAGER = less
# environment
LC_ALL = C
# environment
CONDA_PYTHON_EXE = /opt/anaconda3/bin/python
# automatic
^F = $(notdir $^)
# default
SUFFIXES := 
# environment
_CE_M = 
# default
.INCLUDE_DIRS = /usr/local/include
# environment
MAKELEVEL := 0
# environment
CONDA_PREFIX = /opt/anaconda3
# environment
VSCODE_PID = 84935
# environment
_CE_CONDA = 
# environment
LANG = C
# variable set hash-table stats:
# Load=75/1024=7%, Rehash=0, Collisions=2/103=2%

# Pattern-specific Variable Values

# No pattern-specific variable values.

# Directories

# . (device 16777220, inode 12937194262): 21 files, no impossibilities.

# 21 files, no impossibilities in 1 directories.

# Implicit Rules

# No implicit rules.

# Files

# Not a target:
all:
#  Command-line target.
#  Implicit rule search has been done.
#  File does not exist.
#  File has not been updated.
# variable set hash-table stats:
# Load=0/32=0%, Rehash=0, Collisions=0/0=0%

# Not a target:
.SUFFIXES:
#  Implicit rule search has not been done.
#  Modification time never checked.
#  File has not been updated.

# Not a target:
http/http_conn.cpp:
#  Implicit rule search has not been done.
#  Modification time never checked.
#  File has not been updated.

server: main.cpp timer/lst_timer.cpp http/http_conn.cpp log/log.cpp CGImysql/sql_connection_pool.cpp webserver.cpp config.cpp
#  Implicit rule search has not been done.
#  Modification time never checked.
#  File has not been updated.
 
make: *** No rule to make target `all'.  Stop.

#  commands to execute (from `makefile', line 12):
	$(CXX) -o server  $^ $(CXXFLAGS) -lpthread -lmysqlclient
	

# Not a target:
makefile:
#  Implicit rule search has been done.
#  Last modified 2021-08-29 18:29:59
#  File has been updated.
#  Successfully updated.
# variable set hash-table stats:
# Load=0/32=0%, Rehash=0, Collisions=0/0=0%

# Not a target:
main.cpp:
#  Implicit rule search has not been done.
#  Modification time never checked.
#  File has not been updated.

# Not a target:
timer/lst_timer.cpp:
#  Implicit rule search has not been done.
#  Modification time never checked.
#  File has not been updated.

# Not a target:
CGImysql/sql_connection_pool.cpp:
#  Implicit rule search has not been done.
#  Modification time never checked.
#  File has not been updated.

# Not a target:
log/log.cpp:
#  Implicit rule search has not been done.
#  Modification time never checked.
#  File has not been updated.

# Not a target:
.DEFAULT:
#  Implicit rule search has not been done.
#  Modification time never checked.
#  File has not been updated.

# Not a target:
config.cpp:
#  Implicit rule search has not been done.
#  Modification time never checked.
#  File has not been updated.

clean:
#  Implicit rule search has not been done.
#  Modification time never checked.
#  File has not been updated.
#  commands to execute (from `makefile', line 15):
	rm  -r server
	

# Not a target:
webserver.cpp:
#  Implicit rule search has not been done.
#  Modification time never checked.
#  File has not been updated.

# files hash-table stats:
# Load=13/1024=1%, Rehash=0, Collisions=0/32=0%
# VPATH Search Paths

# No `vpath' search paths.

# No general (`VPATH' variable) search path.

# # of strings in strcache: 1
# # of strcache buffers: 1
# strcache size: total = 4096 / max = 4096 / min = 4096 / avg = 4096
# strcache free: total = 4087 / max = 4087 / min = 4087 / avg = 4087

# Finished Make data base on Fri Nov  4 15:28:52 2022

 
